2016-02-29 16:19:26 INFO  MainController:44 - login_command
2016-02-29 16:19:27 INFO  ConnectionPoolImpl:65 - Pool has been initialized
2016-02-29 16:19:27 INFO  MainController:47 - com.epam.restaurant.controller.command.impl.LoginCommand@d61ca2
2016-02-29 16:19:27 INFO  ConnectionPoolImpl:77 - Connection is taken.
2016-02-29 16:19:27 INFO  ConnectionPoolImpl:77 - Connection is taken.
2016-02-29 16:19:27 INFO  MainController:52 - Page: hello.jsp
2016-02-29 16:19:57 INFO  MainController:44 - search_user_command
2016-02-29 16:19:57 INFO  MainController:47 - com.epam.restaurant.controller.command.impl.SearchUserCommand@1562348
2016-02-29 16:19:57 INFO  ConnectionPoolImpl:77 - Connection is taken.
2016-02-29 16:19:57 INFO  MainController:52 - Page: users.jsp
2016-02-29 16:20:03 INFO  MainController:44 - ban_command
2016-02-29 16:20:03 INFO  MainController:47 - com.epam.restaurant.controller.command.impl.BanCommand@46eb90
2016-02-29 16:20:03 INFO  ConnectionPoolImpl:77 - Connection is taken.
2016-02-29 16:20:03 INFO  ConnectionPoolImpl:77 - Connection is taken.
2016-02-29 16:20:04 INFO  MainController:52 - Page: users.jsp
2016-02-29 16:20:12 INFO  MainController:44 - search_user_command
2016-02-29 16:20:12 INFO  MainController:47 - com.epam.restaurant.controller.command.impl.SearchUserCommand@1562348
2016-02-29 16:20:12 INFO  ConnectionPoolImpl:77 - Connection is taken.
2016-02-29 16:20:12 INFO  MainController:52 - Page: users.jsp
2016-02-29 16:20:15 INFO  MainController:44 - unban_command
2016-02-29 16:20:15 INFO  MainController:47 - com.epam.restaurant.controller.command.impl.UnbanCommand@1ec86fc
2016-02-29 16:20:15 INFO  ConnectionPoolImpl:77 - Connection is taken.
2016-02-29 16:20:15 INFO  ConnectionPoolImpl:77 - Connection is taken.
2016-02-29 16:20:15 INFO  MainController:52 - Page: users.jsp
2016-02-29 16:20:22 INFO  MainController:44 - 
2016-02-29 16:20:36 INFO  MainController:44 - menu_command
2016-02-29 16:20:36 INFO  MainController:47 - com.epam.restaurant.controller.command.impl.MenuCommand@330601
2016-02-29 16:20:36 INFO  ConnectionPoolImpl:77 - Connection is taken.
2016-02-29 16:20:36 INFO  MainController:52 - Page: menu.jsp
2016-02-29 16:21:37 INFO  MainController:44 - menu_command
2016-02-29 16:21:37 INFO  MainController:47 - com.epam.restaurant.controller.command.impl.MenuCommand@330601
2016-02-29 16:21:37 INFO  ConnectionPoolImpl:77 - Connection is taken.
2016-02-29 16:21:37 INFO  MainController:52 - Page: menu.jsp
2016-02-29 16:21:45 INFO  MainController:44 - menu_command
2016-02-29 16:21:45 INFO  MainController:47 - com.epam.restaurant.controller.command.impl.MenuCommand@330601
2016-02-29 16:21:45 INFO  ConnectionPoolImpl:77 - Connection is taken.
2016-02-29 16:21:45 INFO  MainController:52 - Page: menu.jsp
2016-02-29 16:21:56 INFO  MainController:44 - 
2016-02-29 16:22:00 INFO  MainController:44 - logout_command
2016-02-29 16:22:00 INFO  MainController:47 - com.epam.restaurant.controller.command.impl.LogoutCommand@1c0696d
2016-02-29 16:22:00 INFO  MainController:52 - Page: index.jsp
2016-02-29 16:22:12 INFO  MainController:44 - login_command
2016-02-29 16:22:12 INFO  MainController:47 - com.epam.restaurant.controller.command.impl.LoginCommand@d61ca2
2016-02-29 16:22:12 INFO  ConnectionPoolImpl:77 - Connection is taken.
2016-02-29 16:22:12 INFO  ConnectionPoolImpl:77 - Connection is taken.
2016-02-29 16:22:12 INFO  MainController:52 - Page: hello.jsp
2016-02-29 16:22:22 INFO  MainController:44 - menu_command
2016-02-29 16:22:22 INFO  MainController:47 - com.epam.restaurant.controller.command.impl.MenuCommand@330601
2016-02-29 16:22:22 INFO  ConnectionPoolImpl:77 - Connection is taken.
2016-02-29 16:22:22 INFO  MainController:52 - Page: menu.jsp
2016-02-29 16:22:25 INFO  MainController:44 - category_command
2016-02-29 16:22:25 INFO  MainController:47 - com.epam.restaurant.controller.command.impl.CategoryCommand@1407c61
2016-02-29 16:22:25 INFO  ConnectionPoolImpl:77 - Connection is taken.
2016-02-29 16:22:25 INFO  ConnectionPoolImpl:77 - Connection is taken.
2016-02-29 16:22:25 INFO  ConnectionPoolImpl:77 - Connection is taken.
2016-02-29 16:22:25 INFO  MainController:52 - Page: category.jsp
2016-02-29 16:22:33 INFO  MainController:44 - 
2016-02-29 16:22:50 INFO  MainController:44 - menu_command
2016-02-29 16:22:50 INFO  MainController:47 - com.epam.restaurant.controller.command.impl.MenuCommand@330601
2016-02-29 16:22:50 INFO  ConnectionPoolImpl:77 - Connection is taken.
2016-02-29 16:22:50 INFO  MainController:52 - Page: menu.jsp
2016-02-29 16:24:54 INFO  MainController:44 - dish_command
2016-02-29 16:24:54 INFO  MainController:47 - com.epam.restaurant.controller.command.impl.DishCommand@165d456
2016-02-29 16:24:54 INFO  ConnectionPoolImpl:77 - Connection is taken.
2016-02-29 16:24:54 INFO  ConnectionPoolImpl:77 - Connection is taken.
2016-02-29 16:24:54 INFO  MainController:52 - Page: dish.jsp
2016-02-29 16:25:45 INFO  MainController:44 - dish_command
2016-02-29 16:25:45 INFO  MainController:47 - com.epam.restaurant.controller.command.impl.DishCommand@165d456
2016-02-29 16:25:45 INFO  ConnectionPoolImpl:77 - Connection is taken.
2016-02-29 16:25:45 INFO  ConnectionPoolImpl:77 - Connection is taken.
2016-02-29 16:25:45 INFO  MainController:52 - Page: dish.jsp
2016-02-29 16:26:12 INFO  MainController:44 - add_to_order_command
2016-02-29 16:26:12 INFO  MainController:47 - com.epam.restaurant.controller.command.impl.AddToOrderCommand@173c682
2016-02-29 16:26:12 INFO  ConnectionPoolImpl:77 - Connection is taken.
2016-02-29 16:26:12 ERROR MainController:54 - Can't execute command in MainController 
com.epam.restaurant.controller.command.exception.CommandException: 
	at com.epam.restaurant.controller.command.impl.AddToOrderCommand.execute(AddToOrderCommand.java:49)
	at com.epam.restaurant.controller.servlet.MainController.processRequest(MainController.java:51)
	at com.epam.restaurant.controller.servlet.MainController.doPost(MainController.java:35)
	at javax.servlet.http.HttpServlet.service(HttpServlet.java:648)
	at javax.servlet.http.HttpServlet.service(HttpServlet.java:729)
	at org.apache.catalina.core.ApplicationFilterChain.internalDoFilter(ApplicationFilterChain.java:291)
	at org.apache.catalina.core.ApplicationFilterChain.doFilter(ApplicationFilterChain.java:206)
	at org.apache.tomcat.websocket.server.WsFilter.doFilter(WsFilter.java:52)
	at org.apache.catalina.core.ApplicationFilterChain.internalDoFilter(ApplicationFilterChain.java:239)
	at org.apache.catalina.core.ApplicationFilterChain.doFilter(ApplicationFilterChain.java:206)
	at com.epam.restaurant.filter.CharsetFilter.doFilter(CharsetFilter.java:27)
	at org.apache.catalina.core.ApplicationFilterChain.internalDoFilter(ApplicationFilterChain.java:239)
	at org.apache.catalina.core.ApplicationFilterChain.doFilter(ApplicationFilterChain.java:206)
	at org.apache.catalina.core.StandardWrapperValve.invoke(StandardWrapperValve.java:212)
	at org.apache.catalina.core.StandardContextValve.invoke(StandardContextValve.java:106)
	at org.apache.catalina.authenticator.AuthenticatorBase.invoke(AuthenticatorBase.java:502)
	at org.apache.catalina.core.StandardHostValve.invoke(StandardHostValve.java:141)
	at org.apache.catalina.valves.ErrorReportValve.invoke(ErrorReportValve.java:79)
	at org.apache.catalina.valves.AbstractAccessLogValve.invoke(AbstractAccessLogValve.java:616)
	at org.apache.catalina.core.StandardEngineValve.invoke(StandardEngineValve.java:88)
	at org.apache.catalina.connector.CoyoteAdapter.service(CoyoteAdapter.java:521)
	at org.apache.coyote.http11.AbstractHttp11Processor.process(AbstractHttp11Processor.java:1096)
	at org.apache.coyote.AbstractProtocol$AbstractConnectionHandler.process(AbstractProtocol.java:674)
	at org.apache.tomcat.util.net.AprEndpoint$SocketProcessor.doRun(AprEndpoint.java:2500)
	at org.apache.tomcat.util.net.AprEndpoint$SocketProcessor.run(AprEndpoint.java:2489)
	at java.util.concurrent.ThreadPoolExecutor.runWorker(ThreadPoolExecutor.java:1142)
	at java.util.concurrent.ThreadPoolExecutor$Worker.run(ThreadPoolExecutor.java:617)
	at org.apache.tomcat.util.threads.TaskThread$WrappingRunnable.run(TaskThread.java:61)
	at java.lang.Thread.run(Thread.java:745)
2016-02-29 16:27:10 INFO  MainController:44 - dish_command
2016-02-29 16:27:10 INFO  MainController:47 - com.epam.restaurant.controller.command.impl.DishCommand@165d456
2016-02-29 16:27:10 INFO  ConnectionPoolImpl:77 - Connection is taken.
2016-02-29 16:27:10 INFO  ConnectionPoolImpl:77 - Connection is taken.
2016-02-29 16:27:10 INFO  MainController:52 - Page: dish.jsp
2016-02-29 16:27:19 INFO  MainController:44 - category_command
2016-02-29 16:27:19 INFO  MainController:47 - com.epam.restaurant.controller.command.impl.CategoryCommand@1407c61
2016-02-29 16:27:19 INFO  ConnectionPoolImpl:77 - Connection is taken.
2016-02-29 16:27:19 INFO  ConnectionPoolImpl:77 - Connection is taken.
2016-02-29 16:27:19 INFO  ConnectionPoolImpl:77 - Connection is taken.
2016-02-29 16:27:19 INFO  MainController:52 - Page: category.jsp
2016-02-29 16:27:24 INFO  MainController:44 - category_command
2016-02-29 16:27:24 INFO  MainController:47 - com.epam.restaurant.controller.command.impl.CategoryCommand@1407c61
2016-02-29 16:27:24 INFO  ConnectionPoolImpl:77 - Connection is taken.
2016-02-29 16:27:24 INFO  ConnectionPoolImpl:77 - Connection is taken.
2016-02-29 16:27:24 INFO  ConnectionPoolImpl:77 - Connection is taken.
2016-02-29 16:27:24 INFO  MainController:52 - Page: category.jsp
2016-02-29 16:27:27 INFO  MainController:44 - category_command
2016-02-29 16:27:27 INFO  MainController:47 - com.epam.restaurant.controller.command.impl.CategoryCommand@1407c61
2016-02-29 16:27:27 INFO  ConnectionPoolImpl:77 - Connection is taken.
2016-02-29 16:27:27 INFO  ConnectionPoolImpl:77 - Connection is taken.
2016-02-29 16:27:27 INFO  ConnectionPoolImpl:77 - Connection is taken.
2016-02-29 16:27:27 INFO  MainController:52 - Page: category.jsp
2016-02-29 16:27:30 INFO  MainController:44 - category_command
2016-02-29 16:27:30 INFO  MainController:47 - com.epam.restaurant.controller.command.impl.CategoryCommand@1407c61
2016-02-29 16:27:30 INFO  ConnectionPoolImpl:77 - Connection is taken.
2016-02-29 16:27:30 INFO  ConnectionPoolImpl:77 - Connection is taken.
2016-02-29 16:27:30 INFO  ConnectionPoolImpl:77 - Connection is taken.
2016-02-29 16:27:30 INFO  MainController:52 - Page: category.jsp
2016-02-29 16:31:42 INFO  MainController:44 - dish_command
2016-02-29 16:31:42 INFO  MainController:47 - com.epam.restaurant.controller.command.impl.DishCommand@165d456
2016-02-29 16:31:42 INFO  ConnectionPoolImpl:77 - Connection is taken.
2016-02-29 16:31:42 INFO  ConnectionPoolImpl:77 - Connection is taken.
2016-02-29 16:31:42 INFO  MainController:52 - Page: dish.jsp
2016-02-29 16:31:48 INFO  MainController:44 - add_to_order_command
2016-02-29 16:31:48 INFO  MainController:47 - com.epam.restaurant.controller.command.impl.AddToOrderCommand@173c682
2016-02-29 16:31:48 INFO  ConnectionPoolImpl:77 - Connection is taken.
2016-02-29 16:31:48 ERROR MainController:54 - Can't execute command in MainController 
com.epam.restaurant.controller.command.exception.CommandException: 
	at com.epam.restaurant.controller.command.impl.AddToOrderCommand.execute(AddToOrderCommand.java:49)
	at com.epam.restaurant.controller.servlet.MainController.processRequest(MainController.java:51)
	at com.epam.restaurant.controller.servlet.MainController.doPost(MainController.java:35)
	at javax.servlet.http.HttpServlet.service(HttpServlet.java:648)
	at javax.servlet.http.HttpServlet.service(HttpServlet.java:729)
	at org.apache.catalina.core.ApplicationFilterChain.internalDoFilter(ApplicationFilterChain.java:291)
	at org.apache.catalina.core.ApplicationFilterChain.doFilter(ApplicationFilterChain.java:206)
	at org.apache.tomcat.websocket.server.WsFilter.doFilter(WsFilter.java:52)
	at org.apache.catalina.core.ApplicationFilterChain.internalDoFilter(ApplicationFilterChain.java:239)
	at org.apache.catalina.core.ApplicationFilterChain.doFilter(ApplicationFilterChain.java:206)
	at com.epam.restaurant.filter.CharsetFilter.doFilter(CharsetFilter.java:27)
	at org.apache.catalina.core.ApplicationFilterChain.internalDoFilter(ApplicationFilterChain.java:239)
	at org.apache.catalina.core.ApplicationFilterChain.doFilter(ApplicationFilterChain.java:206)
	at org.apache.catalina.core.StandardWrapperValve.invoke(StandardWrapperValve.java:212)
	at org.apache.catalina.core.StandardContextValve.invoke(StandardContextValve.java:106)
	at org.apache.catalina.authenticator.AuthenticatorBase.invoke(AuthenticatorBase.java:502)
	at org.apache.catalina.core.StandardHostValve.invoke(StandardHostValve.java:141)
	at org.apache.catalina.valves.ErrorReportValve.invoke(ErrorReportValve.java:79)
	at org.apache.catalina.valves.AbstractAccessLogValve.invoke(AbstractAccessLogValve.java:616)
	at org.apache.catalina.core.StandardEngineValve.invoke(StandardEngineValve.java:88)
	at org.apache.catalina.connector.CoyoteAdapter.service(CoyoteAdapter.java:521)
	at org.apache.coyote.http11.AbstractHttp11Processor.process(AbstractHttp11Processor.java:1096)
	at org.apache.coyote.AbstractProtocol$AbstractConnectionHandler.process(AbstractProtocol.java:674)
	at org.apache.tomcat.util.net.AprEndpoint$SocketProcessor.doRun(AprEndpoint.java:2500)
	at org.apache.tomcat.util.net.AprEndpoint$SocketProcessor.run(AprEndpoint.java:2489)
	at java.util.concurrent.ThreadPoolExecutor.runWorker(ThreadPoolExecutor.java:1142)
	at java.util.concurrent.ThreadPoolExecutor$Worker.run(ThreadPoolExecutor.java:617)
	at org.apache.tomcat.util.threads.TaskThread$WrappingRunnable.run(TaskThread.java:61)
	at java.lang.Thread.run(Thread.java:745)
2016-02-29 16:32:01 INFO  MainController:44 - logout_command
2016-02-29 16:32:01 INFO  MainController:47 - com.epam.restaurant.controller.command.impl.LogoutCommand@1c0696d
2016-02-29 16:32:01 INFO  MainController:52 - Page: index.jsp
2016-02-29 16:42:57 INFO  MainController:44 - login_command
2016-02-29 16:42:58 INFO  ConnectionPoolImpl:65 - Pool has been initialized
2016-02-29 16:42:58 INFO  MainController:47 - com.epam.restaurant.controller.command.impl.LoginCommand@7dc8d
2016-02-29 16:42:58 INFO  ConnectionPoolImpl:77 - Connection is taken.
2016-02-29 16:42:58 INFO  ConnectionPoolImpl:77 - Connection is taken.
2016-02-29 16:42:58 INFO  MainController:52 - Page: hello.jsp
2016-02-29 16:43:30 INFO  MainController:44 - menu_command
2016-02-29 16:43:30 INFO  MainController:47 - com.epam.restaurant.controller.command.impl.MenuCommand@d6e18b
2016-02-29 16:43:30 INFO  ConnectionPoolImpl:77 - Connection is taken.
2016-02-29 16:43:30 INFO  MainController:52 - Page: menu.jsp
2016-02-29 16:43:36 INFO  MainController:44 - category_command
2016-02-29 16:43:36 INFO  MainController:47 - com.epam.restaurant.controller.command.impl.CategoryCommand@1331064
2016-02-29 16:43:36 INFO  ConnectionPoolImpl:77 - Connection is taken.
2016-02-29 16:43:36 INFO  ConnectionPoolImpl:77 - Connection is taken.
2016-02-29 16:43:36 INFO  ConnectionPoolImpl:77 - Connection is taken.
2016-02-29 16:43:36 INFO  MainController:52 - Page: category.jsp
2016-02-29 16:43:51 INFO  MainController:44 - 
2016-02-29 16:43:56 INFO  MainController:44 - 
2016-02-29 16:44:06 INFO  MainController:44 - 
2016-02-29 16:44:23 INFO  MainController:44 - dish_command
2016-02-29 16:44:23 INFO  MainController:47 - com.epam.restaurant.controller.command.impl.DishCommand@4340b1
2016-02-29 16:44:23 INFO  ConnectionPoolImpl:77 - Connection is taken.
2016-02-29 16:44:23 INFO  ConnectionPoolImpl:77 - Connection is taken.
2016-02-29 16:44:23 INFO  MainController:52 - Page: dish.jsp
2016-02-29 16:44:52 INFO  MainController:44 - add_to_order_command
2016-02-29 16:44:52 INFO  MainController:47 - com.epam.restaurant.controller.command.impl.AddToOrderCommand@f8e460
2016-02-29 16:44:52 INFO  ConnectionPoolImpl:77 - Connection is taken.
2016-02-29 16:44:52 ERROR MainController:54 - Can't execute command in MainController 
com.epam.restaurant.controller.command.exception.CommandException: 
	at com.epam.restaurant.controller.command.impl.AddToOrderCommand.execute(AddToOrderCommand.java:53)
	at com.epam.restaurant.controller.servlet.MainController.processRequest(MainController.java:51)
	at com.epam.restaurant.controller.servlet.MainController.doPost(MainController.java:35)
	at javax.servlet.http.HttpServlet.service(HttpServlet.java:648)
	at javax.servlet.http.HttpServlet.service(HttpServlet.java:729)
	at org.apache.catalina.core.ApplicationFilterChain.internalDoFilter(ApplicationFilterChain.java:291)
	at org.apache.catalina.core.ApplicationFilterChain.doFilter(ApplicationFilterChain.java:206)
	at org.apache.tomcat.websocket.server.WsFilter.doFilter(WsFilter.java:52)
	at org.apache.catalina.core.ApplicationFilterChain.internalDoFilter(ApplicationFilterChain.java:239)
	at org.apache.catalina.core.ApplicationFilterChain.doFilter(ApplicationFilterChain.java:206)
	at com.epam.restaurant.filter.CharsetFilter.doFilter(CharsetFilter.java:27)
	at org.apache.catalina.core.ApplicationFilterChain.internalDoFilter(ApplicationFilterChain.java:239)
	at org.apache.catalina.core.ApplicationFilterChain.doFilter(ApplicationFilterChain.java:206)
	at org.apache.catalina.core.StandardWrapperValve.invoke(StandardWrapperValve.java:212)
	at org.apache.catalina.core.StandardContextValve.invoke(StandardContextValve.java:106)
	at org.apache.catalina.authenticator.AuthenticatorBase.invoke(AuthenticatorBase.java:502)
	at org.apache.catalina.core.StandardHostValve.invoke(StandardHostValve.java:141)
	at org.apache.catalina.valves.ErrorReportValve.invoke(ErrorReportValve.java:79)
	at org.apache.catalina.valves.AbstractAccessLogValve.invoke(AbstractAccessLogValve.java:616)
	at org.apache.catalina.core.StandardEngineValve.invoke(StandardEngineValve.java:88)
	at org.apache.catalina.connector.CoyoteAdapter.service(CoyoteAdapter.java:521)
	at org.apache.coyote.http11.AbstractHttp11Processor.process(AbstractHttp11Processor.java:1096)
	at org.apache.coyote.AbstractProtocol$AbstractConnectionHandler.process(AbstractProtocol.java:674)
	at org.apache.tomcat.util.net.AprEndpoint$SocketProcessor.doRun(AprEndpoint.java:2500)
	at org.apache.tomcat.util.net.AprEndpoint$SocketProcessor.run(AprEndpoint.java:2489)
	at java.util.concurrent.ThreadPoolExecutor.runWorker(ThreadPoolExecutor.java:1142)
	at java.util.concurrent.ThreadPoolExecutor$Worker.run(ThreadPoolExecutor.java:617)
	at org.apache.tomcat.util.threads.TaskThread$WrappingRunnable.run(TaskThread.java:61)
	at java.lang.Thread.run(Thread.java:745)
2016-02-29 16:45:08 INFO  MainController:44 - logout_command
2016-02-29 16:45:08 INFO  MainController:47 - com.epam.restaurant.controller.command.impl.LogoutCommand@125e134
2016-02-29 16:45:08 INFO  MainController:52 - Page: index.jsp
2016-02-29 17:03:29 INFO  MainController:44 - menu_command
2016-02-29 17:03:29 INFO  MainController:47 - com.epam.restaurant.controller.command.impl.MenuCommand@d6e18b
2016-02-29 17:03:29 INFO  ConnectionPoolImpl:77 - Connection is taken.
2016-02-29 17:03:29 INFO  MainController:52 - Page: menu.jsp
2016-02-29 17:03:34 INFO  MainController:44 - category_command
2016-02-29 17:03:34 INFO  MainController:47 - com.epam.restaurant.controller.command.impl.CategoryCommand@1331064
2016-02-29 17:03:34 INFO  ConnectionPoolImpl:77 - Connection is taken.
2016-02-29 17:03:34 INFO  ConnectionPoolImpl:77 - Connection is taken.
2016-02-29 17:03:34 INFO  ConnectionPoolImpl:77 - Connection is taken.
2016-02-29 17:03:34 INFO  MainController:52 - Page: category.jsp
2016-02-29 17:03:42 INFO  MainController:44 - 
2016-02-29 17:09:37 INFO  MainController:44 - menu_command
2016-02-29 17:09:39 INFO  ConnectionPoolImpl:65 - Pool has been initialized
2016-02-29 17:09:39 INFO  MainController:47 - com.epam.restaurant.controller.command.impl.MenuCommand@23fd15
2016-02-29 17:09:39 INFO  ConnectionPoolImpl:77 - Connection is taken.
2016-02-29 17:09:39 INFO  MainController:52 - Page: menu.jsp
2016-02-29 17:09:56 INFO  MainController:44 - category_command
2016-02-29 17:09:56 INFO  MainController:47 - com.epam.restaurant.controller.command.impl.CategoryCommand@1949b39
2016-02-29 17:09:56 INFO  ConnectionPoolImpl:77 - Connection is taken.
2016-02-29 17:09:56 INFO  ConnectionPoolImpl:77 - Connection is taken.
2016-02-29 17:09:56 INFO  ConnectionPoolImpl:77 - Connection is taken.
2016-02-29 17:09:57 INFO  MainController:52 - Page: category.jsp
2016-02-29 17:10:01 INFO  MainController:44 - dish_command
2016-02-29 17:10:01 INFO  MainController:47 - com.epam.restaurant.controller.command.impl.DishCommand@1262d3d
2016-02-29 17:10:01 INFO  ConnectionPoolImpl:77 - Connection is taken.
2016-02-29 17:10:01 INFO  ConnectionPoolImpl:77 - Connection is taken.
2016-02-29 17:10:01 INFO  MainController:52 - Page: dish.jsp
2016-02-29 17:10:24 INFO  MainController:44 - category_command
2016-02-29 17:10:24 INFO  MainController:47 - com.epam.restaurant.controller.command.impl.CategoryCommand@1949b39
2016-02-29 17:10:24 INFO  ConnectionPoolImpl:77 - Connection is taken.
2016-02-29 17:10:24 INFO  ConnectionPoolImpl:77 - Connection is taken.
2016-02-29 17:10:24 INFO  ConnectionPoolImpl:77 - Connection is taken.
2016-02-29 17:10:24 INFO  MainController:52 - Page: category.jsp
2016-02-29 17:10:38 INFO  MainController:44 - login_command
2016-02-29 17:10:38 INFO  MainController:47 - com.epam.restaurant.controller.command.impl.LoginCommand@bb2aea
2016-02-29 17:10:38 INFO  ConnectionPoolImpl:77 - Connection is taken.
2016-02-29 17:10:38 INFO  ConnectionPoolImpl:77 - Connection is taken.
2016-02-29 17:10:38 INFO  MainController:52 - Page: hello.jsp
2016-02-29 17:10:43 INFO  MainController:44 - menu_command
2016-02-29 17:10:43 INFO  MainController:47 - com.epam.restaurant.controller.command.impl.MenuCommand@23fd15
2016-02-29 17:10:43 INFO  ConnectionPoolImpl:77 - Connection is taken.
2016-02-29 17:10:43 INFO  MainController:52 - Page: menu.jsp
2016-02-29 17:10:46 INFO  MainController:44 - category_command
2016-02-29 17:10:46 INFO  MainController:47 - com.epam.restaurant.controller.command.impl.CategoryCommand@1949b39
2016-02-29 17:10:46 INFO  ConnectionPoolImpl:77 - Connection is taken.
2016-02-29 17:10:46 INFO  ConnectionPoolImpl:77 - Connection is taken.
2016-02-29 17:10:46 INFO  ConnectionPoolImpl:77 - Connection is taken.
2016-02-29 17:10:46 INFO  MainController:52 - Page: category.jsp
2016-02-29 17:10:51 INFO  MainController:44 - dish_command
2016-02-29 17:10:51 INFO  MainController:47 - com.epam.restaurant.controller.command.impl.DishCommand@1262d3d
2016-02-29 17:10:51 INFO  ConnectionPoolImpl:77 - Connection is taken.
2016-02-29 17:10:51 INFO  ConnectionPoolImpl:77 - Connection is taken.
2016-02-29 17:10:51 INFO  MainController:52 - Page: dish.jsp
2016-02-29 17:10:54 INFO  MainController:44 - add_to_order_command
2016-02-29 17:10:54 INFO  MainController:47 - com.epam.restaurant.controller.command.impl.AddToOrderCommand@1635e7e
2016-02-29 17:10:54 INFO  ConnectionPoolImpl:77 - Connection is taken.
2016-02-29 17:10:54 ERROR MainController:54 - Can't execute command in MainController 
com.epam.restaurant.controller.command.exception.CommandException: 
	at com.epam.restaurant.controller.command.impl.AddToOrderCommand.execute(AddToOrderCommand.java:53)
	at com.epam.restaurant.controller.servlet.MainController.processRequest(MainController.java:51)
	at com.epam.restaurant.controller.servlet.MainController.doPost(MainController.java:35)
	at javax.servlet.http.HttpServlet.service(HttpServlet.java:648)
	at javax.servlet.http.HttpServlet.service(HttpServlet.java:729)
	at org.apache.catalina.core.ApplicationFilterChain.internalDoFilter(ApplicationFilterChain.java:291)
	at org.apache.catalina.core.ApplicationFilterChain.doFilter(ApplicationFilterChain.java:206)
	at org.apache.tomcat.websocket.server.WsFilter.doFilter(WsFilter.java:52)
	at org.apache.catalina.core.ApplicationFilterChain.internalDoFilter(ApplicationFilterChain.java:239)
	at org.apache.catalina.core.ApplicationFilterChain.doFilter(ApplicationFilterChain.java:206)
	at com.epam.restaurant.filter.CharsetFilter.doFilter(CharsetFilter.java:27)
	at org.apache.catalina.core.ApplicationFilterChain.internalDoFilter(ApplicationFilterChain.java:239)
	at org.apache.catalina.core.ApplicationFilterChain.doFilter(ApplicationFilterChain.java:206)
	at org.apache.catalina.core.StandardWrapperValve.invoke(StandardWrapperValve.java:212)
	at org.apache.catalina.core.StandardContextValve.invoke(StandardContextValve.java:106)
	at org.apache.catalina.authenticator.AuthenticatorBase.invoke(AuthenticatorBase.java:502)
	at org.apache.catalina.core.StandardHostValve.invoke(StandardHostValve.java:141)
	at org.apache.catalina.valves.ErrorReportValve.invoke(ErrorReportValve.java:79)
	at org.apache.catalina.valves.AbstractAccessLogValve.invoke(AbstractAccessLogValve.java:616)
	at org.apache.catalina.core.StandardEngineValve.invoke(StandardEngineValve.java:88)
	at org.apache.catalina.connector.CoyoteAdapter.service(CoyoteAdapter.java:521)
	at org.apache.coyote.http11.AbstractHttp11Processor.process(AbstractHttp11Processor.java:1096)
	at org.apache.coyote.AbstractProtocol$AbstractConnectionHandler.process(AbstractProtocol.java:674)
	at org.apache.tomcat.util.net.AprEndpoint$SocketProcessor.doRun(AprEndpoint.java:2500)
	at org.apache.tomcat.util.net.AprEndpoint$SocketProcessor.run(AprEndpoint.java:2489)
	at java.util.concurrent.ThreadPoolExecutor.runWorker(ThreadPoolExecutor.java:1142)
	at java.util.concurrent.ThreadPoolExecutor$Worker.run(ThreadPoolExecutor.java:617)
	at org.apache.tomcat.util.threads.TaskThread$WrappingRunnable.run(TaskThread.java:61)
	at java.lang.Thread.run(Thread.java:745)
2016-02-29 17:29:23 INFO  MainController:44 - menu_command
2016-02-29 17:29:28 INFO  ConnectionPoolImpl:65 - Pool has been initialized
2016-02-29 17:29:28 INFO  MainController:47 - com.epam.restaurant.controller.command.impl.MenuCommand@c08b76
2016-02-29 17:29:28 INFO  ConnectionPoolImpl:77 - Connection is taken.
2016-02-29 17:29:28 INFO  MainController:52 - Page: menu.jsp
2016-02-29 19:13:51 INFO  MainController:44 - menu_command
2016-02-29 19:13:52 INFO  ConnectionPoolImpl:65 - Pool has been initialized
2016-02-29 19:13:52 INFO  MainController:47 - com.epam.restaurant.controller.command.impl.MenuCommand@14b8e68
2016-02-29 19:13:52 INFO  ConnectionPoolImpl:77 - Connection is taken.
2016-02-29 19:13:52 INFO  MainController:52 - Page: menu.jsp
2016-02-29 19:13:57 INFO  MainController:44 - category_command
2016-02-29 19:13:57 INFO  MainController:47 - com.epam.restaurant.controller.command.impl.CategoryCommand@b23349
2016-02-29 19:13:57 INFO  ConnectionPoolImpl:77 - Connection is taken.
2016-02-29 19:13:57 INFO  ConnectionPoolImpl:77 - Connection is taken.
2016-02-29 19:13:57 INFO  ConnectionPoolImpl:77 - Connection is taken.
2016-02-29 19:13:57 INFO  MainController:52 - Page: category.jsp
2016-02-29 19:14:03 INFO  MainController:44 - dish_command
2016-02-29 19:14:03 INFO  MainController:47 - com.epam.restaurant.controller.command.impl.DishCommand@a430cb
2016-02-29 19:14:03 INFO  ConnectionPoolImpl:77 - Connection is taken.
2016-02-29 19:14:03 INFO  ConnectionPoolImpl:77 - Connection is taken.
2016-02-29 19:14:03 INFO  MainController:52 - Page: dish.jsp
2016-02-29 19:14:17 INFO  MainController:44 - category_command
2016-02-29 19:14:17 INFO  MainController:47 - com.epam.restaurant.controller.command.impl.CategoryCommand@b23349
2016-02-29 19:14:17 INFO  ConnectionPoolImpl:77 - Connection is taken.
2016-02-29 19:14:17 INFO  ConnectionPoolImpl:77 - Connection is taken.
2016-02-29 19:14:17 INFO  ConnectionPoolImpl:77 - Connection is taken.
2016-02-29 19:14:17 INFO  MainController:52 - Page: category.jsp
2016-02-29 19:14:25 INFO  MainController:44 - login_command
2016-02-29 19:14:25 INFO  MainController:47 - com.epam.restaurant.controller.command.impl.LoginCommand@59d65d
2016-02-29 19:14:25 INFO  ConnectionPoolImpl:77 - Connection is taken.
2016-02-29 19:14:25 INFO  ConnectionPoolImpl:77 - Connection is taken.
2016-02-29 19:14:25 ERROR LoginCommand:67 - Can't do Service in LoginCommand
com.epam.restaurant.service.exception.ServiceException: 
	at com.epam.restaurant.service.OrderService.getByUserId(OrderService.java:61)
	at com.epam.restaurant.controller.command.impl.LoginCommand.execute(LoginCommand.java:51)
	at com.epam.restaurant.controller.servlet.MainController.processRequest(MainController.java:51)
	at com.epam.restaurant.controller.servlet.MainController.doPost(MainController.java:35)
	at javax.servlet.http.HttpServlet.service(HttpServlet.java:648)
	at javax.servlet.http.HttpServlet.service(HttpServlet.java:729)
	at org.apache.catalina.core.ApplicationFilterChain.internalDoFilter(ApplicationFilterChain.java:291)
	at org.apache.catalina.core.ApplicationFilterChain.doFilter(ApplicationFilterChain.java:206)
	at org.apache.tomcat.websocket.server.WsFilter.doFilter(WsFilter.java:52)
	at org.apache.catalina.core.ApplicationFilterChain.internalDoFilter(ApplicationFilterChain.java:239)
	at org.apache.catalina.core.ApplicationFilterChain.doFilter(ApplicationFilterChain.java:206)
	at com.epam.restaurant.filter.CharsetFilter.doFilter(CharsetFilter.java:27)
	at org.apache.catalina.core.ApplicationFilterChain.internalDoFilter(ApplicationFilterChain.java:239)
	at org.apache.catalina.core.ApplicationFilterChain.doFilter(ApplicationFilterChain.java:206)
	at org.apache.catalina.core.StandardWrapperValve.invoke(StandardWrapperValve.java:212)
	at org.apache.catalina.core.StandardContextValve.invoke(StandardContextValve.java:106)
	at org.apache.catalina.authenticator.AuthenticatorBase.invoke(AuthenticatorBase.java:502)
	at org.apache.catalina.core.StandardHostValve.invoke(StandardHostValve.java:141)
	at org.apache.catalina.valves.ErrorReportValve.invoke(ErrorReportValve.java:79)
	at org.apache.catalina.valves.AbstractAccessLogValve.invoke(AbstractAccessLogValve.java:616)
	at org.apache.catalina.core.StandardEngineValve.invoke(StandardEngineValve.java:88)
	at org.apache.catalina.connector.CoyoteAdapter.service(CoyoteAdapter.java:521)
	at org.apache.coyote.http11.AbstractHttp11Processor.process(AbstractHttp11Processor.java:1096)
	at org.apache.coyote.AbstractProtocol$AbstractConnectionHandler.process(AbstractProtocol.java:674)
	at org.apache.tomcat.util.net.AprEndpoint$SocketProcessor.doRun(AprEndpoint.java:2500)
	at org.apache.tomcat.util.net.AprEndpoint$SocketProcessor.run(AprEndpoint.java:2489)
	at java.util.concurrent.ThreadPoolExecutor.runWorker(ThreadPoolExecutor.java:1142)
	at java.util.concurrent.ThreadPoolExecutor$Worker.run(ThreadPoolExecutor.java:617)
	at org.apache.tomcat.util.threads.TaskThread$WrappingRunnable.run(TaskThread.java:61)
	at java.lang.Thread.run(Thread.java:745)
2016-02-29 19:14:25 ERROR MainController:54 - Can't execute command in MainController 
com.epam.restaurant.controller.command.exception.CommandException: LoginCommandException
	at com.epam.restaurant.controller.command.impl.LoginCommand.execute(LoginCommand.java:68)
	at com.epam.restaurant.controller.servlet.MainController.processRequest(MainController.java:51)
	at com.epam.restaurant.controller.servlet.MainController.doPost(MainController.java:35)
	at javax.servlet.http.HttpServlet.service(HttpServlet.java:648)
	at javax.servlet.http.HttpServlet.service(HttpServlet.java:729)
	at org.apache.catalina.core.ApplicationFilterChain.internalDoFilter(ApplicationFilterChain.java:291)
	at org.apache.catalina.core.ApplicationFilterChain.doFilter(ApplicationFilterChain.java:206)
	at org.apache.tomcat.websocket.server.WsFilter.doFilter(WsFilter.java:52)
	at org.apache.catalina.core.ApplicationFilterChain.internalDoFilter(ApplicationFilterChain.java:239)
	at org.apache.catalina.core.ApplicationFilterChain.doFilter(ApplicationFilterChain.java:206)
	at com.epam.restaurant.filter.CharsetFilter.doFilter(CharsetFilter.java:27)
	at org.apache.catalina.core.ApplicationFilterChain.internalDoFilter(ApplicationFilterChain.java:239)
	at org.apache.catalina.core.ApplicationFilterChain.doFilter(ApplicationFilterChain.java:206)
	at org.apache.catalina.core.StandardWrapperValve.invoke(StandardWrapperValve.java:212)
	at org.apache.catalina.core.StandardContextValve.invoke(StandardContextValve.java:106)
	at org.apache.catalina.authenticator.AuthenticatorBase.invoke(AuthenticatorBase.java:502)
	at org.apache.catalina.core.StandardHostValve.invoke(StandardHostValve.java:141)
	at org.apache.catalina.valves.ErrorReportValve.invoke(ErrorReportValve.java:79)
	at org.apache.catalina.valves.AbstractAccessLogValve.invoke(AbstractAccessLogValve.java:616)
	at org.apache.catalina.core.StandardEngineValve.invoke(StandardEngineValve.java:88)
	at org.apache.catalina.connector.CoyoteAdapter.service(CoyoteAdapter.java:521)
	at org.apache.coyote.http11.AbstractHttp11Processor.process(AbstractHttp11Processor.java:1096)
	at org.apache.coyote.AbstractProtocol$AbstractConnectionHandler.process(AbstractProtocol.java:674)
	at org.apache.tomcat.util.net.AprEndpoint$SocketProcessor.doRun(AprEndpoint.java:2500)
	at org.apache.tomcat.util.net.AprEndpoint$SocketProcessor.run(AprEndpoint.java:2489)
	at java.util.concurrent.ThreadPoolExecutor.runWorker(ThreadPoolExecutor.java:1142)
	at java.util.concurrent.ThreadPoolExecutor$Worker.run(ThreadPoolExecutor.java:617)
	at org.apache.tomcat.util.threads.TaskThread$WrappingRunnable.run(TaskThread.java:61)
	at java.lang.Thread.run(Thread.java:745)
Caused by: com.epam.restaurant.service.exception.ServiceException: 
	at com.epam.restaurant.service.OrderService.getByUserId(OrderService.java:61)
	at com.epam.restaurant.controller.command.impl.LoginCommand.execute(LoginCommand.java:51)
	... 28 more
2016-02-29 19:14:35 INFO  MainController:44 - search_user_command
2016-02-29 19:14:35 INFO  MainController:47 - com.epam.restaurant.controller.command.impl.SearchUserCommand@15bdfda
2016-02-29 19:14:35 INFO  ConnectionPoolImpl:77 - Connection is taken.
2016-02-29 19:14:35 INFO  MainController:52 - Page: users.jsp
2016-02-29 19:14:38 INFO  MainController:44 - ban_command
2016-02-29 19:14:38 INFO  MainController:47 - com.epam.restaurant.controller.command.impl.BanCommand@76b3b1
2016-02-29 19:14:38 INFO  ConnectionPoolImpl:77 - Connection is taken.
2016-02-29 19:14:38 INFO  ConnectionPoolImpl:77 - Connection is taken.
2016-02-29 19:14:38 INFO  MainController:52 - Page: users.jsp
2016-02-29 19:14:40 INFO  MainController:44 - logout_command
2016-02-29 19:14:40 INFO  MainController:47 - com.epam.restaurant.controller.command.impl.LogoutCommand@1f9a65f
2016-02-29 19:14:40 INFO  MainController:52 - Page: index.jsp
2016-02-29 19:14:52 INFO  MainController:44 - login_command
2016-02-29 19:14:52 INFO  MainController:47 - com.epam.restaurant.controller.command.impl.LoginCommand@59d65d
2016-02-29 19:14:52 INFO  ConnectionPoolImpl:77 - Connection is taken.
2016-02-29 19:14:52 INFO  MainController:52 - Page: login.jsp
2016-02-29 19:15:20 INFO  MainController:44 - login_command
2016-02-29 19:15:20 INFO  MainController:47 - com.epam.restaurant.controller.command.impl.LoginCommand@59d65d
2016-02-29 19:15:20 INFO  ConnectionPoolImpl:77 - Connection is taken.
2016-02-29 19:15:20 INFO  ConnectionPoolImpl:77 - Connection is taken.
2016-02-29 19:15:20 ERROR LoginCommand:67 - Can't do Service in LoginCommand
com.epam.restaurant.service.exception.ServiceException: 
	at com.epam.restaurant.service.OrderService.getByUserId(OrderService.java:61)
	at com.epam.restaurant.controller.command.impl.LoginCommand.execute(LoginCommand.java:51)
	at com.epam.restaurant.controller.servlet.MainController.processRequest(MainController.java:51)
	at com.epam.restaurant.controller.servlet.MainController.doPost(MainController.java:35)
	at javax.servlet.http.HttpServlet.service(HttpServlet.java:648)
	at javax.servlet.http.HttpServlet.service(HttpServlet.java:729)
	at org.apache.catalina.core.ApplicationFilterChain.internalDoFilter(ApplicationFilterChain.java:291)
	at org.apache.catalina.core.ApplicationFilterChain.doFilter(ApplicationFilterChain.java:206)
	at org.apache.tomcat.websocket.server.WsFilter.doFilter(WsFilter.java:52)
	at org.apache.catalina.core.ApplicationFilterChain.internalDoFilter(ApplicationFilterChain.java:239)
	at org.apache.catalina.core.ApplicationFilterChain.doFilter(ApplicationFilterChain.java:206)
	at com.epam.restaurant.filter.CharsetFilter.doFilter(CharsetFilter.java:27)
	at org.apache.catalina.core.ApplicationFilterChain.internalDoFilter(ApplicationFilterChain.java:239)
	at org.apache.catalina.core.ApplicationFilterChain.doFilter(ApplicationFilterChain.java:206)
	at org.apache.catalina.core.StandardWrapperValve.invoke(StandardWrapperValve.java:212)
	at org.apache.catalina.core.StandardContextValve.invoke(StandardContextValve.java:106)
	at org.apache.catalina.authenticator.AuthenticatorBase.invoke(AuthenticatorBase.java:502)
	at org.apache.catalina.core.StandardHostValve.invoke(StandardHostValve.java:141)
	at org.apache.catalina.valves.ErrorReportValve.invoke(ErrorReportValve.java:79)
	at org.apache.catalina.valves.AbstractAccessLogValve.invoke(AbstractAccessLogValve.java:616)
	at org.apache.catalina.core.StandardEngineValve.invoke(StandardEngineValve.java:88)
	at org.apache.catalina.connector.CoyoteAdapter.service(CoyoteAdapter.java:521)
	at org.apache.coyote.http11.AbstractHttp11Processor.process(AbstractHttp11Processor.java:1096)
	at org.apache.coyote.AbstractProtocol$AbstractConnectionHandler.process(AbstractProtocol.java:674)
	at org.apache.tomcat.util.net.AprEndpoint$SocketProcessor.doRun(AprEndpoint.java:2500)
	at org.apache.tomcat.util.net.AprEndpoint$SocketProcessor.run(AprEndpoint.java:2489)
	at java.util.concurrent.ThreadPoolExecutor.runWorker(ThreadPoolExecutor.java:1142)
	at java.util.concurrent.ThreadPoolExecutor$Worker.run(ThreadPoolExecutor.java:617)
	at org.apache.tomcat.util.threads.TaskThread$WrappingRunnable.run(TaskThread.java:61)
	at java.lang.Thread.run(Thread.java:745)
2016-02-29 19:15:20 ERROR MainController:54 - Can't execute command in MainController 
com.epam.restaurant.controller.command.exception.CommandException: LoginCommandException
	at com.epam.restaurant.controller.command.impl.LoginCommand.execute(LoginCommand.java:68)
	at com.epam.restaurant.controller.servlet.MainController.processRequest(MainController.java:51)
	at com.epam.restaurant.controller.servlet.MainController.doPost(MainController.java:35)
	at javax.servlet.http.HttpServlet.service(HttpServlet.java:648)
	at javax.servlet.http.HttpServlet.service(HttpServlet.java:729)
	at org.apache.catalina.core.ApplicationFilterChain.internalDoFilter(ApplicationFilterChain.java:291)
	at org.apache.catalina.core.ApplicationFilterChain.doFilter(ApplicationFilterChain.java:206)
	at org.apache.tomcat.websocket.server.WsFilter.doFilter(WsFilter.java:52)
	at org.apache.catalina.core.ApplicationFilterChain.internalDoFilter(ApplicationFilterChain.java:239)
	at org.apache.catalina.core.ApplicationFilterChain.doFilter(ApplicationFilterChain.java:206)
	at com.epam.restaurant.filter.CharsetFilter.doFilter(CharsetFilter.java:27)
	at org.apache.catalina.core.ApplicationFilterChain.internalDoFilter(ApplicationFilterChain.java:239)
	at org.apache.catalina.core.ApplicationFilterChain.doFilter(ApplicationFilterChain.java:206)
	at org.apache.catalina.core.StandardWrapperValve.invoke(StandardWrapperValve.java:212)
	at org.apache.catalina.core.StandardContextValve.invoke(StandardContextValve.java:106)
	at org.apache.catalina.authenticator.AuthenticatorBase.invoke(AuthenticatorBase.java:502)
	at org.apache.catalina.core.StandardHostValve.invoke(StandardHostValve.java:141)
	at org.apache.catalina.valves.ErrorReportValve.invoke(ErrorReportValve.java:79)
	at org.apache.catalina.valves.AbstractAccessLogValve.invoke(AbstractAccessLogValve.java:616)
	at org.apache.catalina.core.StandardEngineValve.invoke(StandardEngineValve.java:88)
	at org.apache.catalina.connector.CoyoteAdapter.service(CoyoteAdapter.java:521)
	at org.apache.coyote.http11.AbstractHttp11Processor.process(AbstractHttp11Processor.java:1096)
	at org.apache.coyote.AbstractProtocol$AbstractConnectionHandler.process(AbstractProtocol.java:674)
	at org.apache.tomcat.util.net.AprEndpoint$SocketProcessor.doRun(AprEndpoint.java:2500)
	at org.apache.tomcat.util.net.AprEndpoint$SocketProcessor.run(AprEndpoint.java:2489)
	at java.util.concurrent.ThreadPoolExecutor.runWorker(ThreadPoolExecutor.java:1142)
	at java.util.concurrent.ThreadPoolExecutor$Worker.run(ThreadPoolExecutor.java:617)
	at org.apache.tomcat.util.threads.TaskThread$WrappingRunnable.run(TaskThread.java:61)
	at java.lang.Thread.run(Thread.java:745)
Caused by: com.epam.restaurant.service.exception.ServiceException: 
	at com.epam.restaurant.service.OrderService.getByUserId(OrderService.java:61)
	at com.epam.restaurant.controller.command.impl.LoginCommand.execute(LoginCommand.java:51)
	... 28 more
2016-02-29 19:15:27 INFO  MainController:44 - search_user_command
2016-02-29 19:15:27 INFO  MainController:47 - com.epam.restaurant.controller.command.impl.SearchUserCommand@15bdfda
2016-02-29 19:15:27 INFO  ConnectionPoolImpl:77 - Connection is taken.
2016-02-29 19:15:27 INFO  MainController:52 - Page: users.jsp
2016-02-29 19:15:37 INFO  MainController:44 - unban_command
2016-02-29 19:15:37 INFO  MainController:47 - com.epam.restaurant.controller.command.impl.UnbanCommand@868687
2016-02-29 19:15:37 INFO  ConnectionPoolImpl:77 - Connection is taken.
2016-02-29 19:15:37 INFO  ConnectionPoolImpl:77 - Connection is taken.
2016-02-29 19:15:37 INFO  MainController:52 - Page: users.jsp
2016-02-29 19:15:46 INFO  MainController:44 - menu_command
2016-02-29 19:15:46 INFO  MainController:47 - com.epam.restaurant.controller.command.impl.MenuCommand@14b8e68
2016-02-29 19:15:46 INFO  ConnectionPoolImpl:77 - Connection is taken.
2016-02-29 19:15:46 INFO  MainController:52 - Page: menu.jsp
2016-02-29 19:15:54 INFO  MainController:44 - category_command
2016-02-29 19:15:54 INFO  MainController:47 - com.epam.restaurant.controller.command.impl.CategoryCommand@b23349
2016-02-29 19:15:54 INFO  ConnectionPoolImpl:77 - Connection is taken.
2016-02-29 19:15:54 INFO  ConnectionPoolImpl:77 - Connection is taken.
2016-02-29 19:15:54 INFO  ConnectionPoolImpl:77 - Connection is taken.
2016-02-29 19:15:54 INFO  MainController:52 - Page: category.jsp
2016-02-29 19:16:09 INFO  MainController:44 - category_command
2016-02-29 19:16:09 INFO  MainController:47 - com.epam.restaurant.controller.command.impl.CategoryCommand@b23349
2016-02-29 19:16:09 INFO  ConnectionPoolImpl:77 - Connection is taken.
2016-02-29 19:16:09 INFO  ConnectionPoolImpl:77 - Connection is taken.
2016-02-29 19:16:09 INFO  ConnectionPoolImpl:77 - Connection is taken.
2016-02-29 19:16:09 INFO  MainController:52 - Page: category.jsp
2016-02-29 19:26:23 INFO  MainController:44 - menu_command
2016-02-29 19:26:24 INFO  ConnectionPoolImpl:65 - Pool has been initialized
2016-02-29 19:26:24 INFO  MainController:47 - com.epam.restaurant.controller.command.impl.MenuCommand@1305b5d
2016-02-29 19:26:24 INFO  ConnectionPoolImpl:77 - Connection is taken.
2016-02-29 19:26:24 INFO  MainController:52 - Page: menu.jsp
2016-02-29 19:26:33 INFO  MainController:44 - category_command
2016-02-29 19:26:33 INFO  MainController:47 - com.epam.restaurant.controller.command.impl.CategoryCommand@1e4138c
2016-02-29 19:26:33 INFO  ConnectionPoolImpl:77 - Connection is taken.
2016-02-29 19:26:33 INFO  ConnectionPoolImpl:77 - Connection is taken.
2016-02-29 19:26:33 INFO  ConnectionPoolImpl:77 - Connection is taken.
2016-02-29 19:26:33 INFO  MainController:52 - Page: category.jsp
2016-02-29 19:26:38 INFO  MainController:44 - category_command
2016-02-29 19:26:38 INFO  MainController:47 - com.epam.restaurant.controller.command.impl.CategoryCommand@1e4138c
2016-02-29 19:26:38 INFO  ConnectionPoolImpl:77 - Connection is taken.
2016-02-29 19:26:38 INFO  ConnectionPoolImpl:77 - Connection is taken.
2016-02-29 19:26:38 INFO  ConnectionPoolImpl:77 - Connection is taken.
2016-02-29 19:26:38 INFO  MainController:52 - Page: category.jsp
2016-02-29 19:26:42 INFO  MainController:44 - category_command
2016-02-29 19:26:42 INFO  MainController:47 - com.epam.restaurant.controller.command.impl.CategoryCommand@1e4138c
2016-02-29 19:26:42 INFO  ConnectionPoolImpl:77 - Connection is taken.
2016-02-29 19:26:42 INFO  ConnectionPoolImpl:77 - Connection is taken.
2016-02-29 19:26:42 INFO  ConnectionPoolImpl:77 - Connection is taken.
2016-02-29 19:26:42 INFO  MainController:52 - Page: category.jsp
2016-02-29 19:26:44 INFO  MainController:44 - dish_command
2016-02-29 19:26:44 INFO  MainController:47 - com.epam.restaurant.controller.command.impl.DishCommand@6295a1
2016-02-29 19:26:44 INFO  ConnectionPoolImpl:77 - Connection is taken.
2016-02-29 19:26:44 INFO  ConnectionPoolImpl:77 - Connection is taken.
2016-02-29 19:26:44 INFO  MainController:52 - Page: dish.jsp
2016-02-29 19:33:37 INFO  MainController:44 - category_command
2016-02-29 19:33:37 INFO  MainController:47 - com.epam.restaurant.controller.command.impl.CategoryCommand@1e4138c
2016-02-29 19:33:37 INFO  ConnectionPoolImpl:77 - Connection is taken.
2016-02-29 19:33:37 INFO  ConnectionPoolImpl:77 - Connection is taken.
2016-02-29 19:33:37 INFO  ConnectionPoolImpl:77 - Connection is taken.
2016-02-29 19:33:37 INFO  MainController:52 - Page: category.jsp
2016-02-29 19:33:49 INFO  MainController:44 - dish_command
2016-02-29 19:33:49 INFO  MainController:47 - com.epam.restaurant.controller.command.impl.DishCommand@6295a1
2016-02-29 19:33:49 INFO  ConnectionPoolImpl:77 - Connection is taken.
2016-02-29 19:33:49 INFO  ConnectionPoolImpl:77 - Connection is taken.
2016-02-29 19:33:49 INFO  MainController:52 - Page: dish.jsp
2016-02-29 19:36:56 INFO  MainController:44 - menu_command
2016-02-29 19:36:56 INFO  MainController:47 - com.epam.restaurant.controller.command.impl.MenuCommand@1305b5d
2016-02-29 19:36:56 INFO  ConnectionPoolImpl:77 - Connection is taken.
2016-02-29 19:36:56 INFO  MainController:52 - Page: menu.jsp
2016-02-29 19:36:59 INFO  MainController:44 - category_command
2016-02-29 19:36:59 INFO  MainController:47 - com.epam.restaurant.controller.command.impl.CategoryCommand@1e4138c
2016-02-29 19:36:59 INFO  ConnectionPoolImpl:77 - Connection is taken.
2016-02-29 19:36:59 INFO  ConnectionPoolImpl:77 - Connection is taken.
2016-02-29 19:36:59 INFO  ConnectionPoolImpl:77 - Connection is taken.
2016-02-29 19:36:59 INFO  MainController:52 - Page: category.jsp
2016-02-29 19:37:03 INFO  MainController:44 - dish_command
2016-02-29 19:37:03 INFO  MainController:47 - com.epam.restaurant.controller.command.impl.DishCommand@6295a1
2016-02-29 19:37:03 INFO  ConnectionPoolImpl:77 - Connection is taken.
2016-02-29 19:37:03 INFO  ConnectionPoolImpl:77 - Connection is taken.
2016-02-29 19:37:03 INFO  MainController:52 - Page: dish.jsp
2016-02-29 19:40:21 INFO  MainController:44 - menu_command
2016-02-29 19:40:22 INFO  ConnectionPoolImpl:65 - Pool has been initialized
2016-02-29 19:40:22 INFO  MainController:47 - com.epam.restaurant.controller.command.impl.MenuCommand@14e6eff
2016-02-29 19:40:22 INFO  ConnectionPoolImpl:77 - Connection is taken.
2016-02-29 19:40:22 INFO  MainController:52 - Page: menu.jsp
2016-02-29 19:40:27 INFO  MainController:44 - category_command
2016-02-29 19:40:27 INFO  MainController:47 - com.epam.restaurant.controller.command.impl.CategoryCommand@1fcf299
2016-02-29 19:40:27 INFO  ConnectionPoolImpl:77 - Connection is taken.
2016-02-29 19:40:27 INFO  ConnectionPoolImpl:77 - Connection is taken.
2016-02-29 19:40:27 INFO  ConnectionPoolImpl:77 - Connection is taken.
2016-02-29 19:40:27 INFO  MainController:52 - Page: category.jsp
2016-02-29 19:40:32 INFO  MainController:44 - dish_command
2016-02-29 19:40:32 INFO  MainController:47 - com.epam.restaurant.controller.command.impl.DishCommand@11d0b82
2016-02-29 19:40:32 INFO  ConnectionPoolImpl:77 - Connection is taken.
2016-02-29 19:40:32 INFO  ConnectionPoolImpl:77 - Connection is taken.
2016-02-29 19:40:32 INFO  MainController:52 - Page: dish.jsp
2016-02-29 19:50:13 INFO  MainController:44 - login_command
2016-02-29 19:50:14 INFO  ConnectionPoolImpl:65 - Pool has been initialized
2016-02-29 19:50:14 INFO  MainController:47 - com.epam.restaurant.controller.command.impl.LoginCommand@10c3df8
2016-02-29 19:50:14 INFO  ConnectionPoolImpl:77 - Connection is taken.
2016-02-29 19:50:14 INFO  ConnectionPoolImpl:77 - Connection is taken.
2016-02-29 19:50:14 ERROR LoginCommand:67 - Can't do Service in LoginCommand
com.epam.restaurant.service.exception.ServiceException: 
	at com.epam.restaurant.service.OrderService.getByUserId(OrderService.java:61)
	at com.epam.restaurant.controller.command.impl.LoginCommand.execute(LoginCommand.java:51)
	at com.epam.restaurant.controller.servlet.MainController.processRequest(MainController.java:51)
	at com.epam.restaurant.controller.servlet.MainController.doPost(MainController.java:35)
	at javax.servlet.http.HttpServlet.service(HttpServlet.java:648)
	at javax.servlet.http.HttpServlet.service(HttpServlet.java:729)
	at org.apache.catalina.core.ApplicationFilterChain.internalDoFilter(ApplicationFilterChain.java:291)
	at org.apache.catalina.core.ApplicationFilterChain.doFilter(ApplicationFilterChain.java:206)
	at org.apache.tomcat.websocket.server.WsFilter.doFilter(WsFilter.java:52)
	at org.apache.catalina.core.ApplicationFilterChain.internalDoFilter(ApplicationFilterChain.java:239)
	at org.apache.catalina.core.ApplicationFilterChain.doFilter(ApplicationFilterChain.java:206)
	at com.epam.restaurant.filter.CharsetFilter.doFilter(CharsetFilter.java:27)
	at org.apache.catalina.core.ApplicationFilterChain.internalDoFilter(ApplicationFilterChain.java:239)
	at org.apache.catalina.core.ApplicationFilterChain.doFilter(ApplicationFilterChain.java:206)
	at org.apache.catalina.core.StandardWrapperValve.invoke(StandardWrapperValve.java:212)
	at org.apache.catalina.core.StandardContextValve.invoke(StandardContextValve.java:106)
	at org.apache.catalina.authenticator.AuthenticatorBase.invoke(AuthenticatorBase.java:502)
	at org.apache.catalina.core.StandardHostValve.invoke(StandardHostValve.java:141)
	at org.apache.catalina.valves.ErrorReportValve.invoke(ErrorReportValve.java:79)
	at org.apache.catalina.valves.AbstractAccessLogValve.invoke(AbstractAccessLogValve.java:616)
	at org.apache.catalina.core.StandardEngineValve.invoke(StandardEngineValve.java:88)
	at org.apache.catalina.connector.CoyoteAdapter.service(CoyoteAdapter.java:521)
	at org.apache.coyote.http11.AbstractHttp11Processor.process(AbstractHttp11Processor.java:1096)
	at org.apache.coyote.AbstractProtocol$AbstractConnectionHandler.process(AbstractProtocol.java:674)
	at org.apache.tomcat.util.net.AprEndpoint$SocketProcessor.doRun(AprEndpoint.java:2500)
	at org.apache.tomcat.util.net.AprEndpoint$SocketProcessor.run(AprEndpoint.java:2489)
	at java.util.concurrent.ThreadPoolExecutor.runWorker(ThreadPoolExecutor.java:1142)
	at java.util.concurrent.ThreadPoolExecutor$Worker.run(ThreadPoolExecutor.java:617)
	at org.apache.tomcat.util.threads.TaskThread$WrappingRunnable.run(TaskThread.java:61)
	at java.lang.Thread.run(Thread.java:745)
2016-02-29 19:50:14 ERROR MainController:54 - Can't execute command in MainController 
com.epam.restaurant.controller.command.exception.CommandException: LoginCommandException
	at com.epam.restaurant.controller.command.impl.LoginCommand.execute(LoginCommand.java:68)
	at com.epam.restaurant.controller.servlet.MainController.processRequest(MainController.java:51)
	at com.epam.restaurant.controller.servlet.MainController.doPost(MainController.java:35)
	at javax.servlet.http.HttpServlet.service(HttpServlet.java:648)
	at javax.servlet.http.HttpServlet.service(HttpServlet.java:729)
	at org.apache.catalina.core.ApplicationFilterChain.internalDoFilter(ApplicationFilterChain.java:291)
	at org.apache.catalina.core.ApplicationFilterChain.doFilter(ApplicationFilterChain.java:206)
	at org.apache.tomcat.websocket.server.WsFilter.doFilter(WsFilter.java:52)
	at org.apache.catalina.core.ApplicationFilterChain.internalDoFilter(ApplicationFilterChain.java:239)
	at org.apache.catalina.core.ApplicationFilterChain.doFilter(ApplicationFilterChain.java:206)
	at com.epam.restaurant.filter.CharsetFilter.doFilter(CharsetFilter.java:27)
	at org.apache.catalina.core.ApplicationFilterChain.internalDoFilter(ApplicationFilterChain.java:239)
	at org.apache.catalina.core.ApplicationFilterChain.doFilter(ApplicationFilterChain.java:206)
	at org.apache.catalina.core.StandardWrapperValve.invoke(StandardWrapperValve.java:212)
	at org.apache.catalina.core.StandardContextValve.invoke(StandardContextValve.java:106)
	at org.apache.catalina.authenticator.AuthenticatorBase.invoke(AuthenticatorBase.java:502)
	at org.apache.catalina.core.StandardHostValve.invoke(StandardHostValve.java:141)
	at org.apache.catalina.valves.ErrorReportValve.invoke(ErrorReportValve.java:79)
	at org.apache.catalina.valves.AbstractAccessLogValve.invoke(AbstractAccessLogValve.java:616)
	at org.apache.catalina.core.StandardEngineValve.invoke(StandardEngineValve.java:88)
	at org.apache.catalina.connector.CoyoteAdapter.service(CoyoteAdapter.java:521)
	at org.apache.coyote.http11.AbstractHttp11Processor.process(AbstractHttp11Processor.java:1096)
	at org.apache.coyote.AbstractProtocol$AbstractConnectionHandler.process(AbstractProtocol.java:674)
	at org.apache.tomcat.util.net.AprEndpoint$SocketProcessor.doRun(AprEndpoint.java:2500)
	at org.apache.tomcat.util.net.AprEndpoint$SocketProcessor.run(AprEndpoint.java:2489)
	at java.util.concurrent.ThreadPoolExecutor.runWorker(ThreadPoolExecutor.java:1142)
	at java.util.concurrent.ThreadPoolExecutor$Worker.run(ThreadPoolExecutor.java:617)
	at org.apache.tomcat.util.threads.TaskThread$WrappingRunnable.run(TaskThread.java:61)
	at java.lang.Thread.run(Thread.java:745)
Caused by: com.epam.restaurant.service.exception.ServiceException: 
	at com.epam.restaurant.service.OrderService.getByUserId(OrderService.java:61)
	at com.epam.restaurant.controller.command.impl.LoginCommand.execute(LoginCommand.java:51)
	... 28 more
2016-02-29 19:50:22 INFO  MainController:44 - menu_command
2016-02-29 19:50:22 INFO  MainController:47 - com.epam.restaurant.controller.command.impl.MenuCommand@1fe2a7
2016-02-29 19:50:22 INFO  ConnectionPoolImpl:77 - Connection is taken.
2016-02-29 19:50:22 INFO  MainController:52 - Page: menu.jsp
2016-02-29 19:50:26 INFO  MainController:44 - category_command
2016-02-29 19:50:26 INFO  MainController:47 - com.epam.restaurant.controller.command.impl.CategoryCommand@d3edef
2016-02-29 19:50:26 INFO  ConnectionPoolImpl:77 - Connection is taken.
2016-02-29 19:50:26 INFO  ConnectionPoolImpl:77 - Connection is taken.
2016-02-29 19:50:26 INFO  ConnectionPoolImpl:77 - Connection is taken.
2016-02-29 19:50:26 INFO  MainController:52 - Page: category.jsp
2016-02-29 19:50:29 INFO  MainController:44 - dish_command
2016-02-29 19:50:29 INFO  MainController:47 - com.epam.restaurant.controller.command.impl.DishCommand@475ef
2016-02-29 19:50:29 INFO  ConnectionPoolImpl:77 - Connection is taken.
2016-02-29 19:50:29 INFO  ConnectionPoolImpl:77 - Connection is taken.
2016-02-29 19:50:29 INFO  MainController:52 - Page: dish.jsp
2016-02-29 19:50:33 INFO  MainController:44 - add_to_order_command
2016-02-29 19:50:33 INFO  MainController:47 - com.epam.restaurant.controller.command.impl.AddToOrderCommand@603e02
2016-02-29 19:50:33 INFO  ConnectionPoolImpl:77 - Connection is taken.
2016-02-29 19:50:33 ERROR MainController:54 - Can't execute command in MainController 
com.epam.restaurant.controller.command.exception.CommandException: 
	at com.epam.restaurant.controller.command.impl.AddToOrderCommand.execute(AddToOrderCommand.java:53)
	at com.epam.restaurant.controller.servlet.MainController.processRequest(MainController.java:51)
	at com.epam.restaurant.controller.servlet.MainController.doPost(MainController.java:35)
	at javax.servlet.http.HttpServlet.service(HttpServlet.java:648)
	at javax.servlet.http.HttpServlet.service(HttpServlet.java:729)
	at org.apache.catalina.core.ApplicationFilterChain.internalDoFilter(ApplicationFilterChain.java:291)
	at org.apache.catalina.core.ApplicationFilterChain.doFilter(ApplicationFilterChain.java:206)
	at org.apache.tomcat.websocket.server.WsFilter.doFilter(WsFilter.java:52)
	at org.apache.catalina.core.ApplicationFilterChain.internalDoFilter(ApplicationFilterChain.java:239)
	at org.apache.catalina.core.ApplicationFilterChain.doFilter(ApplicationFilterChain.java:206)
	at com.epam.restaurant.filter.CharsetFilter.doFilter(CharsetFilter.java:27)
	at org.apache.catalina.core.ApplicationFilterChain.internalDoFilter(ApplicationFilterChain.java:239)
	at org.apache.catalina.core.ApplicationFilterChain.doFilter(ApplicationFilterChain.java:206)
	at org.apache.catalina.core.StandardWrapperValve.invoke(StandardWrapperValve.java:212)
	at org.apache.catalina.core.StandardContextValve.invoke(StandardContextValve.java:106)
	at org.apache.catalina.authenticator.AuthenticatorBase.invoke(AuthenticatorBase.java:502)
	at org.apache.catalina.core.StandardHostValve.invoke(StandardHostValve.java:141)
	at org.apache.catalina.valves.ErrorReportValve.invoke(ErrorReportValve.java:79)
	at org.apache.catalina.valves.AbstractAccessLogValve.invoke(AbstractAccessLogValve.java:616)
	at org.apache.catalina.core.StandardEngineValve.invoke(StandardEngineValve.java:88)
	at org.apache.catalina.connector.CoyoteAdapter.service(CoyoteAdapter.java:521)
	at org.apache.coyote.http11.AbstractHttp11Processor.process(AbstractHttp11Processor.java:1096)
	at org.apache.coyote.AbstractProtocol$AbstractConnectionHandler.process(AbstractProtocol.java:674)
	at org.apache.tomcat.util.net.AprEndpoint$SocketProcessor.doRun(AprEndpoint.java:2500)
	at org.apache.tomcat.util.net.AprEndpoint$SocketProcessor.run(AprEndpoint.java:2489)
	at java.util.concurrent.ThreadPoolExecutor.runWorker(ThreadPoolExecutor.java:1142)
	at java.util.concurrent.ThreadPoolExecutor$Worker.run(ThreadPoolExecutor.java:617)
	at org.apache.tomcat.util.threads.TaskThread$WrappingRunnable.run(TaskThread.java:61)
	at java.lang.Thread.run(Thread.java:745)
2016-03-02 01:36:31 INFO  ConnectionPoolImpl:65 - Pool has been initialized
2016-03-02 01:52:32 INFO  ConnectionPoolImpl:65 - Pool has been initialized
2016-03-02 01:52:50 INFO  ConnectionPoolImpl:65 - Pool has been initialized
2016-03-02 01:52:50 INFO  ConnectionPoolImpl:77 - Connection is taken.
2016-03-02 01:53:42 INFO  ConnectionPoolImpl:65 - Pool has been initialized
2016-03-02 01:53:42 INFO  ConnectionPoolImpl:77 - Connection is taken.
2016-03-02 01:56:58 INFO  ConnectionPoolImpl:65 - Pool has been initialized
2016-03-02 01:56:58 INFO  ConnectionPoolImpl:77 - Connection is taken.
2016-03-02 01:58:20 INFO  ConnectionPoolImpl:65 - Pool has been initialized
2016-03-02 01:58:20 INFO  ConnectionPoolImpl:77 - Connection is taken.
2016-03-02 02:17:18 INFO  ConnectionPoolImpl:65 - Pool has been initialized
2016-03-02 02:17:18 INFO  ConnectionPoolImpl:77 - Connection is taken.
2016-03-02 02:17:55 INFO  ConnectionPoolImpl:65 - Pool has been initialized
2016-03-02 02:17:55 INFO  ConnectionPoolImpl:77 - Connection is taken.
2016-03-02 02:18:47 INFO  ConnectionPoolImpl:65 - Pool has been initialized
2016-03-02 02:18:47 INFO  ConnectionPoolImpl:77 - Connection is taken.
2016-03-02 02:18:47 INFO  ConnectionPoolImpl:77 - Connection is taken.
2016-03-02 02:20:11 INFO  ConnectionPoolImpl:65 - Pool has been initialized
2016-03-02 02:20:11 INFO  ConnectionPoolImpl:77 - Connection is taken.
2016-03-02 02:22:26 INFO  ConnectionPoolImpl:65 - Pool has been initialized
2016-03-02 02:22:26 INFO  ConnectionPoolImpl:77 - Connection is taken.
2016-03-02 02:23:38 INFO  ConnectionPoolImpl:65 - Pool has been initialized
2016-03-02 02:23:38 INFO  ConnectionPoolImpl:77 - Connection is taken.
2016-03-02 02:26:26 INFO  ConnectionPoolImpl:65 - Pool has been initialized
2016-03-02 02:26:26 INFO  ConnectionPoolImpl:77 - Connection is taken.
2016-03-02 02:26:55 INFO  ConnectionPoolImpl:65 - Pool has been initialized
2016-03-02 02:26:55 INFO  ConnectionPoolImpl:77 - Connection is taken.
2016-03-02 02:27:45 INFO  ConnectionPoolImpl:65 - Pool has been initialized
2016-03-02 02:27:45 INFO  ConnectionPoolImpl:77 - Connection is taken.
2016-03-02 02:35:05 INFO  ConnectionPoolImpl:65 - Pool has been initialized
2016-03-02 02:35:05 INFO  ConnectionPoolImpl:77 - Connection is taken.
2016-03-02 02:43:00 INFO  ConnectionPoolImpl:65 - Pool has been initialized
2016-03-02 02:43:00 INFO  ConnectionPoolImpl:77 - Connection is taken.
2016-03-02 02:43:40 INFO  ConnectionPoolImpl:65 - Pool has been initialized
2016-03-02 02:43:40 INFO  ConnectionPoolImpl:77 - Connection is taken.
2016-03-02 02:48:44 INFO  ConnectionPoolImpl:65 - Pool has been initialized
2016-03-02 12:12:34 INFO  ConnectionPoolImpl:65 - Pool has been initialized
2016-03-02 12:12:34 INFO  ConnectionPoolImpl:77 - Connection is taken.
2016-03-02 12:13:07 INFO  ConnectionPoolImpl:65 - Pool has been initialized
2016-03-02 12:13:07 INFO  ConnectionPoolImpl:77 - Connection is taken.
2016-03-02 12:13:07 INFO  ConnectionPoolImpl:77 - Connection is taken.
2016-03-02 12:13:07 INFO  ConnectionPoolImpl:77 - Connection is taken.
2016-03-02 12:13:07 INFO  ConnectionPoolImpl:77 - Connection is taken.
2016-03-02 12:13:07 INFO  ConnectionPoolImpl:77 - Connection is taken.
2016-03-02 12:13:07 INFO  ConnectionPoolImpl:77 - Connection is taken.
2016-03-02 12:13:07 INFO  ConnectionPoolImpl:77 - Connection is taken.
2016-03-02 12:13:07 INFO  ConnectionPoolImpl:77 - Connection is taken.
2016-03-02 12:13:07 INFO  ConnectionPoolImpl:77 - Connection is taken.
2016-03-02 12:24:15 INFO  ConnectionPoolImpl:65 - Pool has been initialized
2016-03-02 12:24:15 INFO  ConnectionPoolImpl:77 - Connection is taken.
2016-03-02 12:25:16 INFO  ConnectionPoolImpl:65 - Pool has been initialized
2016-03-02 12:25:16 INFO  ConnectionPoolImpl:77 - Connection is taken.
2016-03-02 12:32:32 INFO  ConnectionPoolImpl:65 - Pool has been initialized
2016-03-02 12:32:32 INFO  ConnectionPoolImpl:77 - Connection is taken.
2016-03-02 12:36:32 INFO  ConnectionPoolImpl:65 - Pool has been initialized
2016-03-02 12:36:32 INFO  ConnectionPoolImpl:77 - Connection is taken.
2016-03-02 12:38:18 INFO  ConnectionPoolImpl:65 - Pool has been initialized
2016-03-02 12:38:18 INFO  ConnectionPoolImpl:77 - Connection is taken.
2016-03-02 12:39:01 INFO  ConnectionPoolImpl:65 - Pool has been initialized
2016-03-02 12:39:01 INFO  ConnectionPoolImpl:77 - Connection is taken.
2016-03-02 12:40:08 INFO  ConnectionPoolImpl:65 - Pool has been initialized
2016-03-02 12:40:08 INFO  ConnectionPoolImpl:77 - Connection is taken.
2016-03-02 12:40:08 INFO  ConnectionPoolImpl:77 - Connection is taken.
2016-03-02 12:40:08 INFO  ConnectionPoolImpl:77 - Connection is taken.
2016-03-02 12:40:08 INFO  ConnectionPoolImpl:77 - Connection is taken.
2016-03-02 12:40:08 INFO  ConnectionPoolImpl:77 - Connection is taken.
2016-03-02 12:40:08 INFO  ConnectionPoolImpl:77 - Connection is taken.
2016-03-02 12:40:08 INFO  ConnectionPoolImpl:77 - Connection is taken.
2016-03-02 12:40:08 INFO  ConnectionPoolImpl:77 - Connection is taken.
2016-03-02 12:40:08 INFO  ConnectionPoolImpl:77 - Connection is taken.
2016-03-02 12:41:13 INFO  ConnectionPoolImpl:65 - Pool has been initialized
2016-03-02 12:41:13 INFO  ConnectionPoolImpl:77 - Connection is taken.
2016-03-02 12:41:13 INFO  ConnectionPoolImpl:77 - Connection is taken.
2016-03-02 12:41:13 INFO  ConnectionPoolImpl:77 - Connection is taken.
2016-03-02 12:41:13 INFO  ConnectionPoolImpl:77 - Connection is taken.
2016-03-02 12:41:13 INFO  ConnectionPoolImpl:77 - Connection is taken.
2016-03-02 12:41:13 INFO  ConnectionPoolImpl:77 - Connection is taken.
2016-03-02 12:41:13 INFO  ConnectionPoolImpl:77 - Connection is taken.
2016-03-02 12:41:13 INFO  ConnectionPoolImpl:77 - Connection is taken.
2016-03-02 12:41:13 INFO  ConnectionPoolImpl:77 - Connection is taken.
2016-03-02 12:41:54 INFO  ConnectionPoolImpl:65 - Pool has been initialized
2016-03-02 12:41:54 INFO  ConnectionPoolImpl:77 - Connection is taken.
2016-03-02 12:42:15 INFO  ConnectionPoolImpl:65 - Pool has been initialized
2016-03-02 12:42:15 INFO  ConnectionPoolImpl:77 - Connection is taken.
2016-03-02 12:42:15 INFO  ConnectionPoolImpl:77 - Connection is taken.
2016-03-02 12:42:15 INFO  ConnectionPoolImpl:77 - Connection is taken.
2016-03-02 12:42:15 INFO  ConnectionPoolImpl:77 - Connection is taken.
2016-03-02 12:42:15 INFO  ConnectionPoolImpl:77 - Connection is taken.
2016-03-02 12:42:15 INFO  ConnectionPoolImpl:77 - Connection is taken.
2016-03-02 12:42:15 INFO  ConnectionPoolImpl:77 - Connection is taken.
2016-03-02 12:42:15 INFO  ConnectionPoolImpl:77 - Connection is taken.
2016-03-02 12:42:15 INFO  ConnectionPoolImpl:77 - Connection is taken.
2016-03-02 12:44:21 INFO  ConnectionPoolImpl:65 - Pool has been initialized
2016-03-02 12:44:21 INFO  ConnectionPoolImpl:77 - Connection is taken.
2016-03-02 12:44:22 INFO  ConnectionPoolImpl:77 - Connection is taken.
2016-03-02 12:44:22 INFO  ConnectionPoolImpl:77 - Connection is taken.
2016-03-02 12:44:22 INFO  ConnectionPoolImpl:77 - Connection is taken.
2016-03-02 12:44:22 INFO  ConnectionPoolImpl:77 - Connection is taken.
2016-03-02 12:45:23 INFO  ConnectionPoolImpl:65 - Pool has been initialized
2016-03-02 12:45:23 INFO  ConnectionPoolImpl:77 - Connection is taken.
2016-03-02 12:45:23 INFO  ConnectionPoolImpl:77 - Connection is taken.
2016-03-02 12:45:23 INFO  ConnectionPoolImpl:77 - Connection is taken.
2016-03-02 12:45:23 INFO  ConnectionPoolImpl:77 - Connection is taken.
2016-03-02 12:45:23 INFO  ConnectionPoolImpl:77 - Connection is taken.
2016-03-02 12:45:49 INFO  ConnectionPoolImpl:65 - Pool has been initialized
2016-03-02 12:45:49 INFO  ConnectionPoolImpl:77 - Connection is taken.
2016-03-02 12:46:12 INFO  ConnectionPoolImpl:65 - Pool has been initialized
2016-03-02 12:46:12 INFO  ConnectionPoolImpl:77 - Connection is taken.
2016-03-02 12:46:34 INFO  ConnectionPoolImpl:65 - Pool has been initialized
2016-03-02 12:46:34 INFO  ConnectionPoolImpl:77 - Connection is taken.
2016-03-02 12:46:42 INFO  ConnectionPoolImpl:65 - Pool has been initialized
2016-03-02 12:46:42 INFO  ConnectionPoolImpl:77 - Connection is taken.
2016-03-02 12:46:51 INFO  ConnectionPoolImpl:65 - Pool has been initialized
2016-03-02 12:46:51 INFO  ConnectionPoolImpl:77 - Connection is taken.
2016-03-02 12:47:15 INFO  ConnectionPoolImpl:65 - Pool has been initialized
2016-03-02 12:47:15 INFO  ConnectionPoolImpl:77 - Connection is taken.
2016-03-02 12:47:15 INFO  ConnectionPoolImpl:77 - Connection is taken.
2016-03-02 12:50:38 INFO  ConnectionPoolImpl:65 - Pool has been initialized
2016-03-02 12:50:38 INFO  ConnectionPoolImpl:77 - Connection is taken.
2016-03-02 12:53:17 INFO  ConnectionPoolImpl:65 - Pool has been initialized
2016-03-02 12:53:17 INFO  ConnectionPoolImpl:77 - Connection is taken.
2016-03-02 12:54:07 INFO  ConnectionPoolImpl:65 - Pool has been initialized
2016-03-02 12:54:07 INFO  ConnectionPoolImpl:77 - Connection is taken.
2016-03-02 12:55:45 INFO  ConnectionPoolImpl:65 - Pool has been initialized
2016-03-02 12:55:45 INFO  ConnectionPoolImpl:77 - Connection is taken.
2016-03-02 13:27:42 INFO  ConnectionPoolImpl:65 - Pool has been initialized
2016-03-02 13:27:42 INFO  ConnectionPoolImpl:77 - Connection is taken.
2016-03-02 14:54:41 INFO  ConnectionPoolImpl:65 - Pool has been initialized
2016-03-02 14:54:41 INFO  ConnectionPoolImpl:65 - Pool has been initialized
2016-03-02 14:54:42 INFO  ConnectionPoolImpl:65 - Pool has been initialized
2016-03-02 14:54:42 INFO  ConnectionPoolImpl:117 - Pool has been released
2016-03-02 14:54:42 INFO  ConnectionPoolImpl:117 - Pool has been released
2016-03-02 14:54:42 INFO  ConnectionPoolImpl:117 - Pool has been released
2016-03-02 14:54:42 INFO  ConnectionPoolImpl:117 - Pool has been released
2016-03-02 14:54:42 INFO  ConnectionPoolImpl:117 - Pool has been released
2016-03-02 14:54:51 INFO  ConnectionPoolImpl:65 - Pool has been initialized
2016-03-02 14:54:51 INFO  ConnectionPoolImpl:65 - Pool has been initialized
2016-03-02 14:54:51 INFO  ConnectionPoolImpl:117 - Pool has been released
2016-03-02 14:54:51 INFO  ConnectionPoolImpl:117 - Pool has been released
2016-03-02 14:54:51 INFO  ConnectionPoolImpl:117 - Pool has been released
2016-03-02 14:54:51 INFO  ConnectionPoolImpl:117 - Pool has been released
2016-03-02 14:54:51 INFO  ConnectionPoolImpl:117 - Pool has been released
2016-03-02 15:01:25 INFO  ConnectionPoolImpl:65 - Pool has been initialized
2016-03-02 15:01:25 INFO  ConnectionPoolImpl:76 - Connection is taken.
2016-03-02 15:05:34 INFO  ConnectionPoolImpl:65 - Pool has been initialized
2016-03-02 15:05:35 INFO  ConnectionPoolImpl:76 - Connection is taken.
2016-03-02 15:09:56 INFO  ConnectionPoolImpl:65 - Pool has been initialized
2016-03-02 15:09:56 INFO  ConnectionPoolImpl:76 - Connection is taken.
2016-03-02 15:12:07 INFO  ConnectionPoolImpl:65 - Pool has been initialized
2016-03-02 15:12:07 INFO  ConnectionPoolImpl:76 - Connection is taken.
2016-03-02 15:12:34 INFO  ConnectionPoolImpl:65 - Pool has been initialized
2016-03-02 15:12:34 INFO  ConnectionPoolImpl:76 - Connection is taken.
2016-03-02 15:20:18 INFO  ConnectionPoolImpl:65 - Pool has been initialized
2016-03-02 15:21:12 INFO  ConnectionPoolImpl:65 - Pool has been initialized
2016-03-02 15:25:24 INFO  ConnectionPoolImpl:65 - Pool has been initialized
2016-03-02 15:26:49 INFO  ConnectionPoolImpl:65 - Pool has been initialized
