2016-02-23 12:15:38 INFO  MainController:43 - login_command
2016-02-23 12:15:38 INFO  MainController:44 - command
2016-02-23 12:15:39 INFO  ConnectionPoolImpl:63 - Pool has been initialized
2016-02-23 12:15:39 INFO  MainController:48 - com.epam.restaurant.controller.command.impl.LoginCommand@30ebef
2016-02-23 12:15:39 INFO  MainController:52 -  page: hello.jsp
2016-02-23 12:15:44 INFO  MainController:43 - menu_command
2016-02-23 12:15:44 INFO  MainController:44 - command
2016-02-23 12:15:44 INFO  MainController:48 - com.epam.restaurant.controller.command.impl.MenuCommand@2efb04
2016-02-23 12:15:44 INFO  MainController:52 -  page: menu.jsp
2016-02-23 12:17:34 INFO  MainController:43 - menu_command
2016-02-23 12:17:34 INFO  MainController:44 - command
2016-02-23 12:17:34 INFO  MainController:48 - com.epam.restaurant.controller.command.impl.MenuCommand@2efb04
2016-02-23 12:17:34 INFO  MainController:52 -  page: menu.jsp
2016-02-23 12:17:36 INFO  MainController:43 - menu_command
2016-02-23 12:17:36 INFO  MainController:44 - command
2016-02-23 12:17:36 INFO  MainController:48 - com.epam.restaurant.controller.command.impl.MenuCommand@2efb04
2016-02-23 12:17:36 INFO  MainController:52 -  page: menu.jsp
2016-02-23 12:17:58 INFO  MainController:43 - menu_command
2016-02-23 12:17:58 INFO  MainController:44 - command
2016-02-23 12:17:58 INFO  MainController:48 - com.epam.restaurant.controller.command.impl.MenuCommand@2efb04
2016-02-23 12:17:58 INFO  MainController:52 -  page: menu.jsp
2016-02-23 12:18:00 INFO  MainController:43 - category_command
2016-02-23 12:18:00 INFO  MainController:44 - command
2016-02-23 12:18:00 INFO  MainController:48 - com.epam.restaurant.controller.command.impl.CategoryCommand@178dc61
2016-02-23 12:25:44 ERROR MainController:54 - com.epam.restaurant.controller.command.exception.CommandException: CategoryException
